Determining if the pthread_create exist failed with the following output:
Change Dir: /home/leon/graspdemo/build/CMakeFiles/CMakeTmp

Run Build Command:/usr/bin/make "cmTryCompileExec3535664478/fast"
/usr/bin/make -f CMakeFiles/cmTryCompileExec3535664478.dir/build.make CMakeFiles/cmTryCompileExec3535664478.dir/build
make[1]: Entering directory `/home/leon/graspdemo/build/CMakeFiles/CMakeTmp'
/usr/bin/cmake -E cmake_progress_report /home/leon/graspdemo/build/CMakeFiles/CMakeTmp/CMakeFiles 1
Building C object CMakeFiles/cmTryCompileExec3535664478.dir/CheckSymbolExists.c.o
/usr/bin/cc    -o CMakeFiles/cmTryCompileExec3535664478.dir/CheckSymbolExists.c.o   -c /home/leon/graspdemo/build/CMakeFiles/CMakeTmp/CheckSymbolExists.c
Linking C executable cmTryCompileExec3535664478
/usr/bin/cmake -E cmake_link_script CMakeFiles/cmTryCompileExec3535664478.dir/link.txt --verbose=1
/usr/bin/cc       CMakeFiles/cmTryCompileExec3535664478.dir/CheckSymbolExists.c.o  -o cmTryCompileExec3535664478 -rdynamic 
CMakeFiles/cmTryCompileExec3535664478.dir/CheckSymbolExists.c.o: In function `main':
CheckSymbolExists.c:(.text+0x16): undefined reference to `pthread_create'
collect2: error: ld returned 1 exit status
make[1]: *** [cmTryCompileExec3535664478] Error 1
make[1]: Leaving directory `/home/leon/graspdemo/build/CMakeFiles/CMakeTmp'
make: *** [cmTryCompileExec3535664478/fast] Error 2

File /home/leon/graspdemo/build/CMakeFiles/CMakeTmp/CheckSymbolExists.c:
/* */
#include <pthread.h>

int main(int argc, char** argv)
{
  (void)argv;
#ifndef pthread_create
  return ((int*)(&pthread_create))[argc];
#else
  (void)argc;
  return 0;
#endif
}

Determining if the function pthread_create exists in the pthreads failed with the following output:
Change Dir: /home/leon/graspdemo/build/CMakeFiles/CMakeTmp

Run Build Command:/usr/bin/make "cmTryCompileExec3624753407/fast"
/usr/bin/make -f CMakeFiles/cmTryCompileExec3624753407.dir/build.make CMakeFiles/cmTryCompileExec3624753407.dir/build
make[1]: Entering directory `/home/leon/graspdemo/build/CMakeFiles/CMakeTmp'
/usr/bin/cmake -E cmake_progress_report /home/leon/graspdemo/build/CMakeFiles/CMakeTmp/CMakeFiles 1
Building C object CMakeFiles/cmTryCompileExec3624753407.dir/CheckFunctionExists.c.o
/usr/bin/cc   -DCHECK_FUNCTION_EXISTS=pthread_create   -o CMakeFiles/cmTryCompileExec3624753407.dir/CheckFunctionExists.c.o   -c /usr/share/cmake-2.8/Modules/CheckFunctionExists.c
Linking C executable cmTryCompileExec3624753407
/usr/bin/cmake -E cmake_link_script CMakeFiles/cmTryCompileExec3624753407.dir/link.txt --verbose=1
/usr/bin/cc   -DCHECK_FUNCTION_EXISTS=pthread_create    CMakeFiles/cmTryCompileExec3624753407.dir/CheckFunctionExists.c.o  -o cmTryCompileExec3624753407 -rdynamic -lpthreads 
/usr/bin/ld: cannot find -lpthreads
collect2: error: ld returned 1 exit status
make[1]: *** [cmTryCompileExec3624753407] Error 1
make[1]: Leaving directory `/home/leon/graspdemo/build/CMakeFiles/CMakeTmp'
make: *** [cmTryCompileExec3624753407/fast] Error 2


